<?xml version="1.0" encoding="UTF-8"?>
<!-- Generated by org.testng.reporters.JUnitReportReporter -->
<testsuite hostname="DESKTOP-BQG3IKF" failures="0" tests="2" name="com.test.LoginTest" time="4.843" errors="0" timestamp="2024-07-06T23:00:50 EDT" skipped="0">
  <testcase classname="com.test.LoginTest" name="verifyLoginTest" time="1.982"/>
  <testcase classname="com.test.LoginTest" name="verifyError" time="2.861"/>
</testsuite> <!-- com.test.LoginTest -->
