<?xml version="1.0" encoding="UTF-8"?>
<!-- Generated by org.testng.reporters.JUnitReportReporter -->
<testsuite hostname="DESKTOP-BQG3IKF" failures="0" tests="2" name="com.test.HomeTest" time="4.649" errors="0" timestamp="2024-07-06T23:00:50 EDT" skipped="0">
  <testcase classname="com.test.HomeTest" name="verifyHeading" time="2.306"/>
  <testcase classname="com.test.HomeTest" name="verifyProduct" time="2.343"/>
</testsuite> <!-- com.test.HomeTest -->
