<?xml version="1.0" encoding="UTF-8"?>
<!-- Generated by org.testng.reporters.JUnitReportReporter -->
<testsuite hostname="DESKTOP-BQG3IKF" failures="0" tests="4" name="com.test.SwagLabsTest" time="9.028" errors="0" timestamp="2024-07-06T16:01:48 EDT" skipped="0">
  <testcase classname="com.test.SwagLabsTest" name="LoginButtonTest" time="2.516"/>
  <testcase classname="com.test.SwagLabsTest" name="LoginInvalidTestMessage" time="2.000"/>
  <testcase classname="com.test.SwagLabsTest" name="SwagLabHeadingTest" time="2.264"/>
  <testcase classname="com.test.SwagLabsTest" name="ProductHeadingTest" time="2.248"/>
</testsuite> <!-- com.test.SwagLabsTest -->
