<?xml version="1.0" encoding="UTF-8"?>
<!-- Generated by org.testng.reporters.JUnitReportReporter -->
<testsuite hostname="DESKTOP-BQG3IKF" failures="0" tests="2" name="com.test.LoginTest" time="7.247" errors="0" timestamp="2024-07-11T14:49:59 EDT" skipped="0">
  <testcase classname="com.test.LoginTest" name="verifyLoginTest" time="4.523"/>
  <testcase classname="com.test.LoginTest" name="verifyError" time="2.724"/>
</testsuite> <!-- com.test.LoginTest -->
