<?xml version="1.0" encoding="UTF-8"?>
<!-- Generated by org.testng.reporters.JUnitReportReporter -->
<testsuite hostname="DESKTOP-BQG3IKF" failures="0" tests="2" name="com.test.HomeTest" time="5.776" errors="0" timestamp="2024-07-11T14:49:59 EDT" skipped="0">
  <testcase classname="com.test.HomeTest" name="verifyHeading" time="2.998"/>
  <testcase classname="com.test.HomeTest" name="verifyProduct" time="2.778"/>
</testsuite> <!-- com.test.HomeTest -->
